&
a
a
a
a
a
all
always
am
an
an
and
and
and
and
angel
another
are
are
are
arm
as
as
ask
at
at
at
away
be
be
been
believe
belong
beside
best
better
between
big
bloom
blue
boy
bread
brother
but
but
by
by
can
care
charm
cheer
child
chocolate
come
compare
could
d
d
dance
day
devote
dew
did
do
do
dream
drink
each
eat
ed
ed
emotion
enjoy
er
er
es
est
evening
ever
every
eye
faith
family
fascinate
father
favorite
feel
felt
fight
fill
find
flower
for
for
friend
ful
full
fun
gentle
get
gift
girl
give
glad
go
god
goddess
good
grow
guy
had
hand
happy
has
have
he
he
he
heart
help
her
here
hero
him
his
his
hold
home
honor
hope
hour
hug
I
I
I
I
if
in
in
ing
ing
ing
innocent
is
is
it
it
join
joy
keep
kind
know
language
laugh
let
life
life
lift
light
like
like
listen
little
live
look
love
love
luck
ly
ly
make
make
man
me
me
me
mind
moment
morning
mother
music
must
mutual
my
my
my
near
need
neighbor
never
nice
night
no
not
of
of
off
old
on
on
one
only
open
or
our
out
over
peace
pink
play
please
positive
power
promise
protect
quiet
r
receive
regard
remember
respect
rhapsody
river
run
s
s
s
s
s
sacred
sad
say
search
see
share
she
she
she
sister
sit
sky
smile
so
soar
soft
some
song
soul
sound
spirit
star
strong
sun
sweet
take
tear
tell
than
thank
that
the
the
the
the
the
their
the
m
then
there
they
thing
think
this
though
thousand
through
time
time
tiny
to
to
to
together
touch
true
trust
two
under
universe
up
us
use
voice
want
want
warm
was
we
we
we
were
when
where
which
will
wing
wish
with
with
woman
word
work
world
y
y
you
you
you
you
your
Magnetic Poetry® Love Kit
